  PA9.cpp
c:\users\richa\onedrive\cpts122\pa9 - graphical application\pa9 - graphical application\pa9 - graphical application\pa9.cpp(70): warning C4018: '<': signed/unsigned mismatch
c:\users\richa\onedrive\cpts122\pa9 - graphical application\pa9 - graphical application\pa9 - graphical application\pa9.cpp(125): warning C4018: '<': signed/unsigned mismatch
c:\users\richa\onedrive\cpts122\pa9 - graphical application\pa9 - graphical application\pa9 - graphical application\pa9.cpp(240): warning C4018: '<': signed/unsigned mismatch
c:\users\richa\onedrive\cpts122\pa9 - graphical application\pa9 - graphical application\pa9 - graphical application\pa9.cpp(440): warning C4996: 'strtok': This function or variable may be unsafe. Consider using strtok_s instead. To disable deprecation, use _CRT_SECURE_NO_WARNINGS. See online help for details.
  c:\program files (x86)\windows kits\10\include\10.0.14393.0\ucrt\string.h(431): note: see declaration of 'strtok'
c:\users\richa\onedrive\cpts122\pa9 - graphical application\pa9 - graphical application\pa9 - graphical application\pa9.cpp(442): warning C4996: 'strtok': This function or variable may be unsafe. Consider using strtok_s instead. To disable deprecation, use _CRT_SECURE_NO_WARNINGS. See online help for details.
  c:\program files (x86)\windows kits\10\include\10.0.14393.0\ucrt\string.h(431): note: see declaration of 'strtok'
c:\users\richa\onedrive\cpts122\pa9 - graphical application\pa9 - graphical application\pa9 - graphical application\pa9.cpp(450): warning C4996: 'itoa': The POSIX name for this item is deprecated. Instead, use the ISO C and C++ conformant name: _itoa. See online help for details.
  c:\program files (x86)\windows kits\10\include\10.0.14393.0\ucrt\stdlib.h(1323): note: see declaration of 'itoa'
c:\users\richa\onedrive\cpts122\pa9 - graphical application\pa9 - graphical application\pa9 - graphical application\pa9.cpp(451): warning C4996: 'itoa': The POSIX name for this item is deprecated. Instead, use the ISO C and C++ conformant name: _itoa. See online help for details.
  c:\program files (x86)\windows kits\10\include\10.0.14393.0\ucrt\stdlib.h(1323): note: see declaration of 'itoa'
c:\users\richa\onedrive\cpts122\pa9 - graphical application\pa9 - graphical application\pa9 - graphical application\pa9.cpp(452): warning C4996: 'strcpy': This function or variable may be unsafe. Consider using strcpy_s instead. To disable deprecation, use _CRT_SECURE_NO_WARNINGS. See online help for details.
  c:\program files (x86)\windows kits\10\include\10.0.14393.0\ucrt\string.h(129): note: see declaration of 'strcpy'
c:\users\richa\onedrive\cpts122\pa9 - graphical application\pa9 - graphical application\pa9 - graphical application\pa9.cpp(453): warning C4996: 'strcat': This function or variable may be unsafe. Consider using strcat_s instead. To disable deprecation, use _CRT_SECURE_NO_WARNINGS. See online help for details.
  c:\program files (x86)\windows kits\10\include\10.0.14393.0\ucrt\string.h(90): note: see declaration of 'strcat'
c:\users\richa\onedrive\cpts122\pa9 - graphical application\pa9 - graphical application\pa9 - graphical application\pa9.cpp(454): warning C4996: 'strcat': This function or variable may be unsafe. Consider using strcat_s instead. To disable deprecation, use _CRT_SECURE_NO_WARNINGS. See online help for details.
  c:\program files (x86)\windows kits\10\include\10.0.14393.0\ucrt\string.h(90): note: see declaration of 'strcat'
  Generating Code...
c:\users\richa\onedrive\cpts122\pa9 - graphical application\pa9 - graphical application\pa9 - graphical application\pa9.cpp(455): warning C4172: returning address of local variable or temporary: string
c:\users\richa\onedrive\cpts122\pa9 - graphical application\pa9 - graphical application\pa9 - graphical application\pa9.cpp(434): warning C4715: 'connectMachines': not all control paths return a value
  Compiling...
  Main.cpp
  Generating Code...
  PA9 - Graphical Application.vcxproj -> C:\Users\richa\OneDrive\CPTS122\PA9 - Graphical Application\PA9 - Graphical Application\Debug\PA9 - Graphical Application.exe
  PA9 - Graphical Application.vcxproj -> C:\Users\richa\OneDrive\CPTS122\PA9 - Graphical Application\PA9 - Graphical Application\Debug\PA9 - Graphical Application.pdb (Full PDB)
